TN:
SF:controllers\authController.js
FN:7,(anonymous_0)
FN:61,(anonymous_1)
FN:115,(anonymous_2)
FN:153,(anonymous_3)
FN:163,(anonymous_4)
FN:211,(anonymous_5)
FN:228,(anonymous_6)
FN:247,(anonymous_7)
FNF:8
FNH:4
FNDA:10,(anonymous_0)
FNDA:5,(anonymous_1)
FNDA:6,(anonymous_2)
FNDA:2,(anonymous_3)
FNDA:0,(anonymous_4)
FNDA:0,(anonymous_5)
FNDA:0,(anonymous_6)
FNDA:0,(anonymous_7)
DA:7,1
DA:8,10
DA:9,10
DA:11,10
DA:12,9
DA:13,8
DA:14,7
DA:15,6
DA:16,5
DA:19,4
DA:21,3
DA:22,1
DA:28,2
DA:30,2
DA:39,2
DA:51,1
DA:52,1
DA:61,1
DA:62,5
DA:63,5
DA:65,5
DA:66,1
DA:72,4
DA:73,3
DA:74,1
DA:79,2
DA:80,2
DA:81,1
DA:87,1
DA:90,1
DA:104,1
DA:105,1
DA:115,1
DA:116,6
DA:117,6
DA:118,6
DA:119,1
DA:121,6
DA:122,1
DA:124,6
DA:125,1
DA:128,6
DA:130,5
DA:131,4
DA:136,1
DA:137,1
DA:138,1
DA:143,1
DA:144,1
DA:153,1
DA:154,2
DA:155,2
DA:157,1
DA:158,1
DA:163,1
DA:164,0
DA:165,0
DA:166,0
DA:167,0
DA:168,0
DA:174,0
DA:175,0
DA:180,0
DA:181,0
DA:192,0
DA:193,0
DA:195,0
DA:201,0
DA:202,0
DA:211,1
DA:212,0
DA:213,0
DA:217,0
DA:219,0
DA:220,0
DA:228,1
DA:229,0
DA:230,0
DA:235,0
DA:237,0
DA:238,0
DA:247,1
DA:248,0
DA:249,0
DA:250,0
DA:251,0
DA:256,0
DA:258,0
DA:259,0
LF:89
LH:58
BRDA:11,0,0,1
BRDA:11,0,1,9
BRDA:12,1,0,1
BRDA:12,1,1,8
BRDA:13,2,0,1
BRDA:13,2,1,7
BRDA:14,3,0,1
BRDA:14,3,1,6
BRDA:15,4,0,1
BRDA:15,4,1,5
BRDA:16,5,0,1
BRDA:16,5,1,4
BRDA:21,6,0,1
BRDA:21,6,1,2
BRDA:65,7,0,1
BRDA:65,7,1,4
BRDA:65,8,0,5
BRDA:65,8,1,4
BRDA:73,9,0,1
BRDA:73,9,1,2
BRDA:80,10,0,1
BRDA:80,10,1,1
BRDA:118,11,0,1
BRDA:118,11,1,5
BRDA:121,12,0,1
BRDA:121,12,1,5
BRDA:124,13,0,1
BRDA:124,13,1,5
BRDA:130,14,0,4
BRDA:130,14,1,1
BRDA:167,15,0,0
BRDA:167,15,1,0
BRDA:174,16,0,0
BRDA:174,16,1,0
BRDA:174,17,0,0
BRDA:174,17,1,0
BRDA:180,18,0,0
BRDA:180,18,1,0
BRDA:184,19,0,0
BRDA:184,19,1,0
BRDA:185,20,0,0
BRDA:185,20,1,0
BRDA:186,21,0,0
BRDA:186,21,1,0
BRDA:187,22,0,0
BRDA:187,22,1,0
BRF:46
BRH:30
end_of_record
TN:
SF:controllers\categoryController.js
FN:3,(anonymous_0)
FN:36,(anonymous_1)
FN:61,(anonymous_2)
FN:80,(anonymous_3)
FN:99,(anonymous_4)
FNF:5
FNH:0
FNDA:0,(anonymous_0)
FNDA:0,(anonymous_1)
FNDA:0,(anonymous_2)
FNDA:0,(anonymous_3)
FNDA:0,(anonymous_4)
DA:3,0
DA:4,0
DA:5,0
DA:6,0
DA:7,0
DA:9,0
DA:10,0
DA:11,0
DA:16,0
DA:20,0
DA:26,0
DA:27,0
DA:36,0
DA:37,0
DA:38,0
DA:39,0
DA:40,0
DA:45,0
DA:51,0
DA:52,0
DA:61,0
DA:62,0
DA:63,0
DA:64,0
DA:70,0
DA:71,0
DA:80,0
DA:81,0
DA:82,0
DA:83,0
DA:89,0
DA:90,0
DA:99,0
DA:100,0
DA:101,0
DA:102,0
DA:103,0
DA:108,0
DA:109,0
LF:39
LH:0
BRDA:6,0,0,0
BRDA:6,0,1,0
BRDA:10,1,0,0
BRDA:10,1,1,0
BRF:4
BRH:0
end_of_record
TN:
SF:controllers\productController.js
FN:20,(anonymous_0)
FN:65,(anonymous_1)
FN:89,(anonymous_2)
FN:111,(anonymous_3)
FN:129,(anonymous_4)
FN:147,(anonymous_5)
FN:196,(anonymous_6)
FN:218,(anonymous_7)
FN:236,(anonymous_8)
FN:261,(anonymous_9)
FN:284,(anonymous_10)
FN:310,(anonymous_11)
FN:331,(anonymous_12)
FN:333,(anonymous_13)
FN:346,(anonymous_14)
FN:350,(anonymous_15)
FN:361,(anonymous_16)
FNF:17
FNH:0
FNDA:0,(anonymous_0)
FNDA:0,(anonymous_1)
FNDA:0,(anonymous_2)
FNDA:0,(anonymous_3)
FNDA:0,(anonymous_4)
FNDA:0,(anonymous_5)
FNDA:0,(anonymous_6)
FNDA:0,(anonymous_7)
FNDA:0,(anonymous_8)
FNDA:0,(anonymous_9)
FNDA:0,(anonymous_10)
FNDA:0,(anonymous_11)
FNDA:0,(anonymous_12)
FNDA:0,(anonymous_13)
FNDA:0,(anonymous_14)
FNDA:0,(anonymous_15)
FNDA:0,(anonymous_16)
DA:10,0
DA:13,0
DA:20,0
DA:21,0
DA:23,0
DA:24,0
DA:26,0
DA:28,0
DA:30,0
DA:32,0
DA:34,0
DA:36,0
DA:38,0
DA:43,0
DA:44,0
DA:45,0
DA:46,0
DA:48,0
DA:49,0
DA:55,0
DA:56,0
DA:65,0
DA:66,0
DA:67,0
DA:73,0
DA:80,0
DA:81,0
DA:89,0
DA:90,0
DA:91,0
DA:95,0
DA:101,0
DA:102,0
DA:111,0
DA:112,0
DA:113,0
DA:114,0
DA:115,0
DA:116,0
DA:119,0
DA:120,0
DA:129,0
DA:130,0
DA:131,0
DA:132,0
DA:137,0
DA:138,0
DA:147,0
DA:148,0
DA:150,0
DA:151,0
DA:153,0
DA:155,0
DA:157,0
DA:159,0
DA:161,0
DA:163,0
DA:165,0
DA:170,0
DA:175,0
DA:176,0
DA:177,0
DA:179,0
DA:180,0
DA:186,0
DA:187,0
DA:196,0
DA:197,0
DA:198,0
DA:199,0
DA:200,0
DA:201,0
DA:202,0
DA:203,0
DA:208,0
DA:209,0
DA:218,0
DA:219,0
DA:220,0
DA:221,0
DA:226,0
DA:227,0
DA:236,0
DA:237,0
DA:238,0
DA:239,0
DA:240,0
DA:246,0
DA:251,0
DA:252,0
DA:261,0
DA:262,0
DA:263,0
DA:264,0
DA:272,0
DA:274,0
DA:275,0
DA:284,0
DA:285,0
DA:286,0
DA:287,0
DA:295,0
DA:300,0
DA:301,0
DA:310,0
DA:311,0
DA:312,0
DA:313,0
DA:314,0
DA:320,0
DA:321,0
DA:331,0
DA:332,0
DA:333,0
DA:334,0
DA:335,0
DA:337,0
DA:341,0
DA:346,0
DA:347,0
DA:348,0
DA:349,0
DA:350,0
DA:351,0
DA:353,0
DA:362,0
DA:363,0
DA:368,0
DA:370,0
DA:375,0
LF:130
LH:0
BRDA:26,0,0,0
BRDA:26,0,1,0
BRDA:26,0,2,0
BRDA:26,0,3,0
BRDA:26,0,4,0
BRDA:26,0,5,0
BRDA:37,1,0,0
BRDA:37,1,1,0
BRDA:44,2,0,0
BRDA:44,2,1,0
BRDA:114,3,0,0
BRDA:114,3,1,0
BRDA:153,4,0,0
BRDA:153,4,1,0
BRDA:153,4,2,0
BRDA:153,4,3,0
BRDA:153,4,4,0
BRDA:153,4,5,0
BRDA:164,5,0,0
BRDA:164,5,1,0
BRDA:175,6,0,0
BRDA:175,6,1,0
BRDA:200,7,0,0
BRDA:200,7,1,0
BRDA:201,8,0,0
BRDA:201,8,1,0
BRDA:239,9,0,0
BRDA:239,9,1,0
BRDA:334,10,0,0
BRDA:334,10,1,0
BRDA:362,11,0,0
BRDA:362,11,1,0
BRF:32
BRH:0
end_of_record
TN:
SF:helpers\authHelper.js
FN:3,(anonymous_0)
FN:14,(anonymous_1)
FNF:2
FNH:2
FNDA:2,(anonymous_0)
FNDA:2,(anonymous_1)
DA:3,2
DA:4,2
DA:5,2
DA:6,2
DA:7,1
DA:10,1
DA:14,2
DA:15,2
LF:8
LH:8
BRF:0
BRH:0
end_of_record
TN:
SF:middlewares\authMiddleware.js
FN:5,(anonymous_0)
FN:23,(anonymous_1)
FNF:2
FNH:2
FNDA:2,(anonymous_0)
FNDA:3,(anonymous_1)
DA:5,1
DA:6,2
DA:7,2
DA:11,1
DA:12,1
DA:14,1
DA:15,1
DA:23,1
DA:24,3
DA:25,3
DA:26,2
DA:27,1
DA:32,1
DA:35,1
DA:36,1
LF:15
LH:15
BRDA:26,0,0,1
BRDA:26,0,1,1
BRDA:26,1,0,2
BRDA:26,1,1,2
BRF:4
BRH:4
end_of_record
